Starting a Gradle Daemon, 1 busy Daemon could not be reused, use --status for details
> Task :compileJava UP-TO-DATE
> Task :processResources UP-TO-DATE
> Task :classes UP-TO-DATE
> Task :resolveMainClassName

> Task :bootRun

  .   ____          _            __ _ _
 /\\ / ___'_ __ _ _(_)_ __  __ _ \ \ \ \
( ( )\___ | '_ | '_| | '_ \/ _` | \ \ \ \
 \\/  ___)| |_)| | | | | || (_| |  ) ) ) )
  '  |____| .__|_| |_|_| |_\__, | / / / /
 =========|_|==============|___/=/_/_/_/

 :: Spring Boot ::                (v3.3.1)

2024-07-14T16:28:23.241+03:00  INFO 298983 --- [  restartedMain] c.t.authservice.AuthServiceApplication   : Starting AuthServiceApplication using Java 21.0.3 with PID 298983 (/home/oorlovsk/task-management-service/auth-service/build/classes/java/main started by oorlovsk in /home/oorlovsk/task-management-service/auth-service)
2024-07-14T16:28:23.248+03:00  INFO 298983 --- [  restartedMain] c.t.authservice.AuthServiceApplication   : No active profile set, falling back to 1 default profile: "default"
2024-07-14T16:28:23.395+03:00  INFO 298983 --- [  restartedMain] .e.DevToolsPropertyDefaultsPostProcessor : Devtools property defaults active! Set 'spring.devtools.add-properties' to 'false' to disable
2024-07-14T16:28:23.396+03:00  INFO 298983 --- [  restartedMain] .e.DevToolsPropertyDefaultsPostProcessor : For additional web related logging consider setting the 'logging.level.web' property to 'DEBUG'
2024-07-14T16:28:24.746+03:00  INFO 298983 --- [  restartedMain] .s.d.r.c.RepositoryConfigurationDelegate : Bootstrapping Spring Data JPA repositories in DEFAULT mode.
2024-07-14T16:28:24.771+03:00  INFO 298983 --- [  restartedMain] .s.d.r.c.RepositoryConfigurationDelegate : Finished Spring Data repository scanning in 15 ms. Found 0 JPA repository interfaces.
2024-07-14T16:28:25.668+03:00  INFO 298983 --- [  restartedMain] o.s.b.w.embedded.tomcat.TomcatWebServer  : Tomcat initialized with port 8000 (http)
2024-07-14T16:28:25.693+03:00  INFO 298983 --- [  restartedMain] o.apache.catalina.core.StandardService   : Starting service [Tomcat]
2024-07-14T16:28:25.694+03:00  INFO 298983 --- [  restartedMain] o.apache.catalina.core.StandardEngine    : Starting Servlet engine: [Apache Tomcat/10.1.25]
2024-07-14T16:28:25.777+03:00  INFO 298983 --- [  restartedMain] o.a.c.c.C.[Tomcat].[localhost].[/]       : Initializing Spring embedded WebApplicationContext
2024-07-14T16:28:25.780+03:00  INFO 298983 --- [  restartedMain] w.s.c.ServletWebServerApplicationContext : Root WebApplicationContext: initialization completed in 2379 ms
2024-07-14T16:28:25.828+03:00  INFO 298983 --- [  restartedMain] com.zaxxer.hikari.HikariDataSource       : HikariPool-1 - Starting...
2024-07-14T16:28:26.027+03:00  INFO 298983 --- [  restartedMain] com.zaxxer.hikari.pool.HikariPool        : HikariPool-1 - Added connection conn0: url=jdbc:h2:mem:testdb user=SA
2024-07-14T16:28:26.029+03:00  INFO 298983 --- [  restartedMain] com.zaxxer.hikari.HikariDataSource       : HikariPool-1 - Start completed.
2024-07-14T16:28:26.045+03:00  INFO 298983 --- [  restartedMain] o.s.b.a.h2.H2ConsoleAutoConfiguration    : H2 console available at '/h2-console'. Database available at 'jdbc:h2:mem:testdb'
2024-07-14T16:28:26.254+03:00  INFO 298983 --- [  restartedMain] o.hibernate.jpa.internal.util.LogHelper  : HHH000204: Processing PersistenceUnitInfo [name: default]
2024-07-14T16:28:26.366+03:00  INFO 298983 --- [  restartedMain] org.hibernate.Version                    : HHH000412: Hibernate ORM core version 6.5.2.Final
2024-07-14T16:28:26.437+03:00  INFO 298983 --- [  restartedMain] o.h.c.internal.RegionFactoryInitiator    : HHH000026: Second-level cache disabled
2024-07-14T16:28:26.908+03:00  INFO 298983 --- [  restartedMain] o.s.o.j.p.SpringPersistenceUnitInfo      : No LoadTimeWeaver setup: ignoring JPA class transformer
2024-07-14T16:28:26.965+03:00  WARN 298983 --- [  restartedMain] org.hibernate.orm.deprecation            : HHH90000025: H2Dialect does not need to be specified explicitly using 'hibernate.dialect' (remove the property setting and it will be selected by default)
2024-07-14T16:28:27.327+03:00  INFO 298983 --- [  restartedMain] o.h.e.t.j.p.i.JtaPlatformInitiator       : HHH000489: No JTA platform available (set 'hibernate.transaction.jta.platform' to enable JTA platform integration)
2024-07-14T16:28:27.332+03:00  INFO 298983 --- [  restartedMain] j.LocalContainerEntityManagerFactoryBean : Initialized JPA EntityManagerFactory for persistence unit 'default'
2024-07-14T16:28:27.462+03:00  WARN 298983 --- [  restartedMain] JpaBaseConfiguration$JpaWebConfiguration : spring.jpa.open-in-view is enabled by default. Therefore, database queries may be performed during view rendering. Explicitly configure spring.jpa.open-in-view to disable this warning
2024-07-14T16:28:28.024+03:00  INFO 298983 --- [  restartedMain] o.s.b.d.a.OptionalLiveReloadServer       : LiveReload server is running on port 35729
2024-07-14T16:28:28.120+03:00  INFO 298983 --- [  restartedMain] o.s.b.w.embedded.tomcat.TomcatWebServer  : Tomcat started on port 8000 (http) with context path '/'
2024-07-14T16:28:28.136+03:00  INFO 298983 --- [  restartedMain] c.t.authservice.AuthServiceApplication   : Started AuthServiceApplication in 5.805 seconds (process running for 6.54)
