
> task-management-frontend@1.0.0 start /home/oorlovsk/task-management-service/frontend
> react-scripts start

[34mℹ[39m [90m｢wds｣[39m: Project is running at http://192.168.1.48/
[34mℹ[39m [90m｢wds｣[39m: webpack output is served from 
[34mℹ[39m [90m｢wds｣[39m: Content not from webpack is served from /home/oorlovsk/task-management-service/frontend/public
[34mℹ[39m [90m｢wds｣[39m: 404s will fallback to /
Starting the development server...

[0;33mOne of your dependencies, babel-preset-react-app, is importing the
"@babel/plugin-proposal-private-property-in-object" package without
declaring it in its dependencies. This is currently working because
"@babel/plugin-proposal-private-property-in-object" is already in your
node_modules folder for unrelated reasons, but it [1mmay break at any time[0;33m.

babel-preset-react-app is part of the create-react-app project, [1mwhich
is not maintianed anymore[0;33m. It is thus unlikely that this bug will
ever be fixed. Add "@babel/plugin-proposal-private-property-in-object" to
your devDependencies to work around this error. This will make this message
go away.[0m
  
Failed to compile.

./src/components/Login.js
Module not found: Can't resolve '../context/AuthContext' in '/home/oorlovsk/task-management-service/frontend/src/components'
