Starting a Gradle Daemon, 1 busy Daemon could not be reused, use --status for details
> Task :compileJava UP-TO-DATE
> Task :processResources UP-TO-DATE
> Task :classes UP-TO-DATE
> Task :resolveMainClassName UP-TO-DATE

> Task :bootRun

  .   ____          _            __ _ _
 /\\ / ___'_ __ _ _(_)_ __  __ _ \ \ \ \
( ( )\___ | '_ | '_| | '_ \/ _` | \ \ \ \
 \\/  ___)| |_)| | | | | || (_| |  ) ) ) )
  '  |____| .__|_| |_|_| |_\__, | / / / /
 =========|_|==============|___/=/_/_/_/

 :: Spring Boot ::                (v3.3.1)

2024-07-14T16:28:27.824+03:00  INFO 299097 --- [task-service] [  restartedMain] c.t.taskservice.TaskServiceApplication   : Starting TaskServiceApplication using Java 21.0.3 with PID 299097 (/home/oorlovsk/task-management-service/task-service/build/classes/java/main started by oorlovsk in /home/oorlovsk/task-management-service/task-service)
2024-07-14T16:28:27.831+03:00  INFO 299097 --- [task-service] [  restartedMain] c.t.taskservice.TaskServiceApplication   : No active profile set, falling back to 1 default profile: "default"
2024-07-14T16:28:28.001+03:00  INFO 299097 --- [task-service] [  restartedMain] .e.DevToolsPropertyDefaultsPostProcessor : Devtools property defaults active! Set 'spring.devtools.add-properties' to 'false' to disable
2024-07-14T16:28:28.002+03:00  INFO 299097 --- [task-service] [  restartedMain] .e.DevToolsPropertyDefaultsPostProcessor : For additional web related logging consider setting the 'logging.level.web' property to 'DEBUG'
2024-07-14T16:28:28.963+03:00  INFO 299097 --- [task-service] [  restartedMain] .s.d.r.c.RepositoryConfigurationDelegate : Bootstrapping Spring Data JPA repositories in DEFAULT mode.
2024-07-14T16:28:29.018+03:00  INFO 299097 --- [task-service] [  restartedMain] .s.d.r.c.RepositoryConfigurationDelegate : Finished Spring Data repository scanning in 47 ms. Found 1 JPA repository interface.
2024-07-14T16:28:29.555+03:00  INFO 299097 --- [task-service] [  restartedMain] o.s.b.w.embedded.tomcat.TomcatWebServer  : Tomcat initialized with port 8003 (http)
2024-07-14T16:28:29.568+03:00  INFO 299097 --- [task-service] [  restartedMain] o.apache.catalina.core.StandardService   : Starting service [Tomcat]
2024-07-14T16:28:29.569+03:00  INFO 299097 --- [task-service] [  restartedMain] o.apache.catalina.core.StandardEngine    : Starting Servlet engine: [Apache Tomcat/10.1.25]
2024-07-14T16:28:29.607+03:00  INFO 299097 --- [task-service] [  restartedMain] o.a.c.c.C.[Tomcat].[localhost].[/]       : Initializing Spring embedded WebApplicationContext
2024-07-14T16:28:29.609+03:00  INFO 299097 --- [task-service] [  restartedMain] w.s.c.ServletWebServerApplicationContext : Root WebApplicationContext: initialization completed in 1604 ms
2024-07-14T16:28:29.640+03:00  INFO 299097 --- [task-service] [  restartedMain] com.zaxxer.hikari.HikariDataSource       : HikariPool-1 - Starting...
2024-07-14T16:28:29.800+03:00  INFO 299097 --- [task-service] [  restartedMain] com.zaxxer.hikari.pool.HikariPool        : HikariPool-1 - Added connection conn0: url=jdbc:h2:mem:testdb user=SA
2024-07-14T16:28:29.802+03:00  INFO 299097 --- [task-service] [  restartedMain] com.zaxxer.hikari.HikariDataSource       : HikariPool-1 - Start completed.
2024-07-14T16:28:29.813+03:00  INFO 299097 --- [task-service] [  restartedMain] o.s.b.a.h2.H2ConsoleAutoConfiguration    : H2 console available at '/h2-console'. Database available at 'jdbc:h2:mem:testdb'
2024-07-14T16:28:29.951+03:00  INFO 299097 --- [task-service] [  restartedMain] o.hibernate.jpa.internal.util.LogHelper  : HHH000204: Processing PersistenceUnitInfo [name: default]
2024-07-14T16:28:30.008+03:00  INFO 299097 --- [task-service] [  restartedMain] org.hibernate.Version                    : HHH000412: Hibernate ORM core version 6.5.2.Final
2024-07-14T16:28:30.040+03:00  INFO 299097 --- [task-service] [  restartedMain] o.h.c.internal.RegionFactoryInitiator    : HHH000026: Second-level cache disabled
2024-07-14T16:28:30.326+03:00  INFO 299097 --- [task-service] [  restartedMain] o.s.o.j.p.SpringPersistenceUnitInfo      : No LoadTimeWeaver setup: ignoring JPA class transformer
2024-07-14T16:28:31.105+03:00  INFO 299097 --- [task-service] [  restartedMain] o.h.e.t.j.p.i.JtaPlatformInitiator       : HHH000489: No JTA platform available (set 'hibernate.transaction.jta.platform' to enable JTA platform integration)
Hibernate: create table task (id bigint generated by default as identity, completed boolean not null, description varchar(255), title varchar(255), primary key (id))
2024-07-14T16:28:31.160+03:00  INFO 299097 --- [task-service] [  restartedMain] j.LocalContainerEntityManagerFactoryBean : Initialized JPA EntityManagerFactory for persistence unit 'default'
2024-07-14T16:28:31.435+03:00  WARN 299097 --- [task-service] [  restartedMain] JpaBaseConfiguration$JpaWebConfiguration : spring.jpa.open-in-view is enabled by default. Therefore, database queries may be performed during view rendering. Explicitly configure spring.jpa.open-in-view to disable this warning
2024-07-14T16:28:31.790+03:00  WARN 299097 --- [task-service] [  restartedMain] o.s.b.d.a.OptionalLiveReloadServer       : Unable to start LiveReload server
2024-07-14T16:28:31.825+03:00  INFO 299097 --- [task-service] [  restartedMain] o.s.b.w.embedded.tomcat.TomcatWebServer  : Tomcat started on port 8003 (http) with context path '/'
2024-07-14T16:28:31.836+03:00  INFO 299097 --- [task-service] [  restartedMain] c.t.taskservice.TaskServiceApplication   : Started TaskServiceApplication in 4.715 seconds (process running for 5.606)
